Configuring MonadRandom-0.4.1...
Building MonadRandom-0.4.1...
Preprocessing library MonadRandom-0.4.1...
[1 of 2] Compiling Control.Monad.Random.Class ( Control/Monad/Random/Class.hs, .stack-work/dist/x86_64-linux/Cabal-1.18.1.5/build/Control/Monad/Random/Class.o )
[2 of 2] Compiling Control.Monad.Random ( Control/Monad/Random.hs, .stack-work/dist/x86_64-linux/Cabal-1.18.1.5/build/Control/Monad/Random.o )

Control/Monad/Random.hs:53:1: Warning:
    Module ‘Control.Monad.Error’ is deprecated:
      Use Control.Monad.Except instead

Control/Monad/Random.hs:201:11: Warning:
    In the use of type constructor or class ‘Error’
    (imported from Control.Monad.Error, but defined in Control.Monad.Trans.Error):
    Deprecated: "Use Control.Monad.Trans.Except instead"

Control/Monad/Random.hs:201:51: Warning:
    In the use of type constructor or class ‘ErrorT’
    (imported from Control.Monad.Error, but defined in Control.Monad.Trans.Error):
    Deprecated: "Use Control.Monad.Trans.Except instead"

Control/Monad/Random.hs:246:11: Warning:
    In the use of type constructor or class ‘Error’
    (imported from Control.Monad.Error, but defined in Control.Monad.Trans.Error):
    Deprecated: "Use Control.Monad.Trans.Except instead"

Control/Monad/Random.hs:246:53: Warning:
    In the use of type constructor or class ‘ErrorT’
    (imported from Control.Monad.Error, but defined in Control.Monad.Trans.Error):
    Deprecated: "Use Control.Monad.Trans.Except instead"
In-place registering MonadRandom-0.4.1...
Installing library in
/home/fred/Documents/Haskell/Projet/TheLambdaReactor/.stack-work/install/x86_64-linux/ghc-7.8.4/7.8.4/lib/x86_64-linux-ghc-7.8.4/MonadRandom-0.4.1
Registering MonadRandom-0.4.1...
